2022-08-26 11:48:08,101 [Worker-4: Loading available Gradle versions] INFO  o.e.b.c.i.u.g.PublishedGradleVersions - Gradle version information cache is out-of-date. Trying to update.
2022-08-26 12:38:59,169 [Worker-1: Loading available Gradle versions] INFO  o.e.b.c.i.u.g.PublishedGradleVersions - Gradle version information cache is up-to-date. Trying to read.
2022-08-26 12:39:26,484 [Worker-6: Importing Maven projects] INFO  o.e.m.c.i.l.LifecycleMappingFactory - Using org.eclipse.m2e.jdt.JarLifecycleMapping lifecycle mapping for MavenProject: com.poc:eureka:0.0.1-SNAPSHOT @ /home/dexter/workarea/Microservice-POC/eureka/pom.xml.
2022-08-26 12:39:28,249 [Worker-6: Importing Maven projects] INFO  o.e.m.j.i.AbstractJavaProjectConfigurator - Adding source folder /eureka/src/main/java
2022-08-26 12:39:28,249 [Worker-6: Importing Maven projects] INFO  o.e.m.j.i.AbstractJavaProjectConfigurator - Adding resource folder /eureka/src/main/resources
2022-08-26 12:39:28,250 [Worker-6: Importing Maven projects] INFO  o.e.m.j.i.AbstractJavaProjectConfigurator - Adding resource folder /eureka/src/main/resources
2022-08-26 12:39:28,251 [Worker-6: Importing Maven projects] INFO  o.e.m.j.i.AbstractJavaProjectConfigurator - Adding source folder /eureka/src/test/java
2022-08-26 12:39:28,497 [Worker-6: Importing Maven projects] INFO  o.e.m.c.i.p.ProjectConfigurationManager - Imported and configured 1 project(s) in 4 sec
2022-08-26 12:39:30,854 [Worker-6: Building] INFO  o.e.m.c.i.embedder.EclipseLogger - Using 'UTF-8' encoding to copy filtered resources.
2022-08-26 12:39:30,861 [Worker-6: Building] INFO  o.e.m.c.i.embedder.EclipseLogger - Using 'UTF-8' encoding to copy filtered properties files.
2022-08-26 12:39:30,885 [Worker-6: Building] INFO  o.e.m.c.i.embedder.EclipseLogger - Copying 1 resource
2022-08-26 12:39:30,962 [Worker-6: Building] INFO  o.e.m.c.i.embedder.EclipseLogger - Copying 0 resource
2022-08-26 12:39:30,969 [Worker-6: Building] INFO  o.e.m.c.i.embedder.EclipseLogger - Using 'UTF-8' encoding to copy filtered resources.
2022-08-26 12:39:30,970 [Worker-6: Building] INFO  o.e.m.c.i.embedder.EclipseLogger - Using 'UTF-8' encoding to copy filtered properties files.
2022-08-26 12:39:30,972 [Worker-6: Building] INFO  o.e.m.c.i.embedder.EclipseLogger - skip non existing resourceDirectory /home/dexter/workarea/Microservice-POC/eureka/src/test/resources
2022-08-26 12:39:44,790 [Worker-14: Importing Maven projects] INFO  o.e.m.c.i.l.LifecycleMappingFactory - Using org.eclipse.m2e.jdt.JarLifecycleMapping lifecycle mapping for MavenProject: com.poc:departmentservice:0.0.1-SNAPSHOT @ /home/dexter/workarea/Microservice-POC/departmentservice/pom.xml.
2022-08-26 12:39:45,219 [Worker-14: Importing Maven projects] INFO  o.e.m.j.i.AbstractJavaProjectConfigurator - Adding source folder /departmentservice/src/main/java
2022-08-26 12:39:45,220 [Worker-14: Importing Maven projects] INFO  o.e.m.j.i.AbstractJavaProjectConfigurator - Adding resource folder /departmentservice/src/main/resources
2022-08-26 12:39:45,220 [Worker-14: Importing Maven projects] INFO  o.e.m.j.i.AbstractJavaProjectConfigurator - Adding resource folder /departmentservice/src/main/resources
2022-08-26 12:39:45,221 [Worker-14: Importing Maven projects] INFO  o.e.m.j.i.AbstractJavaProjectConfigurator - Adding source folder /departmentservice/src/test/java
2022-08-26 12:39:45,301 [Worker-14: Importing Maven projects] INFO  o.e.m.c.i.p.ProjectConfigurationManager - Imported and configured 1 project(s) in 0 sec
2022-08-26 12:39:46,282 [Worker-15: Building] INFO  o.e.m.c.i.embedder.EclipseLogger - Using 'UTF-8' encoding to copy filtered resources.
2022-08-26 12:39:46,283 [Worker-15: Building] INFO  o.e.m.c.i.embedder.EclipseLogger - Using 'UTF-8' encoding to copy filtered properties files.
2022-08-26 12:39:46,283 [Worker-15: Building] INFO  o.e.m.c.i.embedder.EclipseLogger - Copying 1 resource
2022-08-26 12:39:46,284 [Worker-15: Building] INFO  o.e.m.c.i.embedder.EclipseLogger - Copying 0 resource
2022-08-26 12:39:46,287 [Worker-15: Building] INFO  o.e.m.c.i.embedder.EclipseLogger - Using 'UTF-8' encoding to copy filtered resources.
2022-08-26 12:39:46,287 [Worker-15: Building] INFO  o.e.m.c.i.embedder.EclipseLogger - Using 'UTF-8' encoding to copy filtered properties files.
2022-08-26 12:39:46,287 [Worker-15: Building] INFO  o.e.m.c.i.embedder.EclipseLogger - skip non existing resourceDirectory /home/dexter/workarea/Microservice-POC/departmentservice/src/test/resources
2022-08-26 12:40:00,336 [Worker-16: Importing Maven projects] INFO  o.e.m.c.i.l.LifecycleMappingFactory - Using org.eclipse.m2e.jdt.JarLifecycleMapping lifecycle mapping for MavenProject: com.poc:userservice:0.0.1-SNAPSHOT @ /home/dexter/workarea/Microservice-POC/userservice/pom.xml.
2022-08-26 12:40:00,647 [Worker-16: Importing Maven projects] INFO  o.e.m.j.i.AbstractJavaProjectConfigurator - Adding source folder /userservice/src/main/java
2022-08-26 12:40:00,648 [Worker-16: Importing Maven projects] INFO  o.e.m.j.i.AbstractJavaProjectConfigurator - Adding resource folder /userservice/src/main/resources
2022-08-26 12:40:00,648 [Worker-16: Importing Maven projects] INFO  o.e.m.j.i.AbstractJavaProjectConfigurator - Adding resource folder /userservice/src/main/resources
2022-08-26 12:40:00,648 [Worker-16: Importing Maven projects] INFO  o.e.m.j.i.AbstractJavaProjectConfigurator - Adding source folder /userservice/src/test/java
2022-08-26 12:40:00,742 [Worker-16: Importing Maven projects] INFO  o.e.m.c.i.p.ProjectConfigurationManager - Imported and configured 1 project(s) in 0 sec
2022-08-26 12:40:01,718 [Worker-7: Building] INFO  o.e.m.c.i.embedder.EclipseLogger - Using 'UTF-8' encoding to copy filtered resources.
2022-08-26 12:40:01,718 [Worker-7: Building] INFO  o.e.m.c.i.embedder.EclipseLogger - Using 'UTF-8' encoding to copy filtered properties files.
2022-08-26 12:40:01,718 [Worker-7: Building] INFO  o.e.m.c.i.embedder.EclipseLogger - Copying 1 resource
2022-08-26 12:40:01,719 [Worker-7: Building] INFO  o.e.m.c.i.embedder.EclipseLogger - Copying 0 resource
2022-08-26 12:40:01,722 [Worker-7: Building] INFO  o.e.m.c.i.embedder.EclipseLogger - Using 'UTF-8' encoding to copy filtered resources.
2022-08-26 12:40:01,722 [Worker-7: Building] INFO  o.e.m.c.i.embedder.EclipseLogger - Using 'UTF-8' encoding to copy filtered properties files.
2022-08-26 12:40:01,722 [Worker-7: Building] INFO  o.e.m.c.i.embedder.EclipseLogger - skip non existing resourceDirectory /home/dexter/workarea/Microservice-POC/userservice/src/test/resources
2022-08-26 12:40:13,501 [Worker-7: Importing Maven projects] INFO  o.e.m.c.i.l.LifecycleMappingFactory - Using org.eclipse.m2e.jdt.JarLifecycleMapping lifecycle mapping for MavenProject: com.poc:commonservice:0.0.1-SNAPSHOT @ /home/dexter/workarea/Microservice-POC/commonservice/pom.xml.
2022-08-26 12:40:13,873 [Worker-7: Importing Maven projects] INFO  o.e.m.j.i.AbstractJavaProjectConfigurator - Adding source folder /commonservice/src/main/java
2022-08-26 12:40:13,874 [Worker-7: Importing Maven projects] INFO  o.e.m.j.i.AbstractJavaProjectConfigurator - Adding resource folder /commonservice/src/main/resources
2022-08-26 12:40:13,876 [Worker-7: Importing Maven projects] INFO  o.e.m.j.i.AbstractJavaProjectConfigurator - Adding resource folder /commonservice/src/main/resources
2022-08-26 12:40:13,879 [Worker-7: Importing Maven projects] INFO  o.e.m.j.i.AbstractJavaProjectConfigurator - Adding source folder /commonservice/src/test/java
2022-08-26 12:40:13,995 [Worker-7: Importing Maven projects] INFO  o.e.m.c.i.p.ProjectConfigurationManager - Imported and configured 1 project(s) in 0 sec
2022-08-26 12:40:15,890 [Worker-13: Building] INFO  o.e.m.c.i.embedder.EclipseLogger - Using 'UTF-8' encoding to copy filtered resources.
2022-08-26 12:40:15,891 [Worker-13: Building] INFO  o.e.m.c.i.embedder.EclipseLogger - Using 'UTF-8' encoding to copy filtered properties files.
2022-08-26 12:40:15,893 [Worker-13: Building] INFO  o.e.m.c.i.embedder.EclipseLogger - Copying 1 resource
2022-08-26 12:40:15,901 [Worker-13: Building] INFO  o.e.m.c.i.embedder.EclipseLogger - Copying 0 resource
2022-08-26 12:40:15,922 [Worker-13: Building] INFO  o.e.m.c.i.embedder.EclipseLogger - Using 'UTF-8' encoding to copy filtered resources.
2022-08-26 12:40:15,922 [Worker-13: Building] INFO  o.e.m.c.i.embedder.EclipseLogger - Using 'UTF-8' encoding to copy filtered properties files.
2022-08-26 12:40:15,922 [Worker-13: Building] INFO  o.e.m.c.i.embedder.EclipseLogger - skip non existing resourceDirectory /home/dexter/workarea/Microservice-POC/commonservice/src/test/resources
2022-08-26 12:40:28,292 [Worker-12: Importing Maven projects] INFO  o.e.m.c.i.l.LifecycleMappingFactory - Using org.eclipse.m2e.jdt.JarLifecycleMapping lifecycle mapping for MavenProject: com.poc:courseservice:0.0.1-SNAPSHOT @ /home/dexter/workarea/Microservice-POC/courseservice/pom.xml.
2022-08-26 12:40:28,702 [Worker-12: Importing Maven projects] INFO  o.e.m.j.i.AbstractJavaProjectConfigurator - Adding source folder /courseservice/src/main/java
2022-08-26 12:40:28,703 [Worker-12: Importing Maven projects] INFO  o.e.m.j.i.AbstractJavaProjectConfigurator - Adding resource folder /courseservice/src/main/resources
2022-08-26 12:40:28,704 [Worker-12: Importing Maven projects] INFO  o.e.m.j.i.AbstractJavaProjectConfigurator - Adding resource folder /courseservice/src/main/resources
2022-08-26 12:40:28,705 [Worker-12: Importing Maven projects] INFO  o.e.m.j.i.AbstractJavaProjectConfigurator - Adding source folder /courseservice/src/test/java
2022-08-26 12:40:28,808 [Worker-12: Importing Maven projects] INFO  o.e.m.c.i.p.ProjectConfigurationManager - Imported and configured 1 project(s) in 0 sec
2022-08-26 12:40:29,778 [Worker-13: Building] INFO  o.e.m.c.i.embedder.EclipseLogger - Using 'UTF-8' encoding to copy filtered resources.
2022-08-26 12:40:29,779 [Worker-13: Building] INFO  o.e.m.c.i.embedder.EclipseLogger - Using 'UTF-8' encoding to copy filtered properties files.
2022-08-26 12:40:29,781 [Worker-13: Building] INFO  o.e.m.c.i.embedder.EclipseLogger - Copying 1 resource
2022-08-26 12:40:29,784 [Worker-13: Building] INFO  o.e.m.c.i.embedder.EclipseLogger - Copying 0 resource
2022-08-26 12:40:29,790 [Worker-13: Building] INFO  o.e.m.c.i.embedder.EclipseLogger - Using 'UTF-8' encoding to copy filtered resources.
2022-08-26 12:40:29,793 [Worker-13: Building] INFO  o.e.m.c.i.embedder.EclipseLogger - Using 'UTF-8' encoding to copy filtered properties files.
2022-08-26 12:40:29,794 [Worker-13: Building] INFO  o.e.m.c.i.embedder.EclipseLogger - skip non existing resourceDirectory /home/dexter/workarea/Microservice-POC/courseservice/src/test/resources
2022-08-26 12:40:41,687 [Worker-2: Importing Maven projects] INFO  o.e.m.c.i.l.LifecycleMappingFactory - Using org.eclipse.m2e.jdt.JarLifecycleMapping lifecycle mapping for MavenProject: com.poc:authservice:0.0.1-SNAPSHOT @ /home/dexter/workarea/Microservice-POC/authservice/pom.xml.
2022-08-26 12:40:41,934 [Worker-2: Importing Maven projects] INFO  o.e.m.c.i.p.WorkspaceClassifierResolverManager - Resolving P/commonservice: com.poc:commonservice:0.0.1-SNAPSHOT with classifier  to /commonservice/target/classes
2022-08-26 12:40:42,034 [Worker-2: Importing Maven projects] INFO  o.e.m.j.i.AbstractJavaProjectConfigurator - Adding source folder /authservice/src/main/java
2022-08-26 12:40:42,035 [Worker-2: Importing Maven projects] INFO  o.e.m.j.i.AbstractJavaProjectConfigurator - Adding resource folder /authservice/src/main/resources
2022-08-26 12:40:42,035 [Worker-2: Importing Maven projects] INFO  o.e.m.j.i.AbstractJavaProjectConfigurator - Adding resource folder /authservice/src/main/resources
2022-08-26 12:40:42,035 [Worker-2: Importing Maven projects] INFO  o.e.m.j.i.AbstractJavaProjectConfigurator - Adding source folder /authservice/src/test/java
2022-08-26 12:40:42,115 [Worker-2: Importing Maven projects] INFO  o.e.m.c.i.p.ProjectConfigurationManager - Imported and configured 1 project(s) in 0 sec
2022-08-26 12:40:43,103 [Worker-11: Building] INFO  o.e.m.c.i.p.WorkspaceClassifierResolverManager - Resolving P/commonservice: com.poc:commonservice:0.0.1-SNAPSHOT with classifier  to /commonservice/target/classes
2022-08-26 12:40:43,113 [Worker-11: Building] INFO  o.e.m.c.i.embedder.EclipseLogger - Using 'UTF-8' encoding to copy filtered resources.
2022-08-26 12:40:43,113 [Worker-11: Building] INFO  o.e.m.c.i.embedder.EclipseLogger - Using 'UTF-8' encoding to copy filtered properties files.
2022-08-26 12:40:43,113 [Worker-11: Building] INFO  o.e.m.c.i.embedder.EclipseLogger - Copying 1 resource
2022-08-26 12:40:43,117 [Worker-11: Building] INFO  o.e.m.c.i.embedder.EclipseLogger - Copying 0 resource
2022-08-26 12:40:43,123 [Worker-11: Building] INFO  o.e.m.c.i.embedder.EclipseLogger - Using 'UTF-8' encoding to copy filtered resources.
2022-08-26 12:40:43,124 [Worker-11: Building] INFO  o.e.m.c.i.embedder.EclipseLogger - Using 'UTF-8' encoding to copy filtered properties files.
2022-08-26 12:40:43,124 [Worker-11: Building] INFO  o.e.m.c.i.embedder.EclipseLogger - skip non existing resourceDirectory /home/dexter/workarea/Microservice-POC/authservice/src/test/resources
2022-08-26 12:40:58,637 [Worker-10: Importing Maven projects] INFO  o.e.m.c.i.l.LifecycleMappingFactory - Using org.eclipse.m2e.jdt.JarLifecycleMapping lifecycle mapping for MavenProject: com.poc:zuulservice1:0.0.1-SNAPSHOT @ /home/dexter/workarea/Microservice-POC/zuulservice1/pom.xml.
2022-08-26 12:40:58,880 [Worker-10: Importing Maven projects] INFO  o.e.m.j.i.AbstractJavaProjectConfigurator - Adding source folder /zuulservice1/src/main/java
2022-08-26 12:40:58,880 [Worker-10: Importing Maven projects] INFO  o.e.m.j.i.AbstractJavaProjectConfigurator - Adding resource folder /zuulservice1/src/main/resources
2022-08-26 12:40:58,880 [Worker-10: Importing Maven projects] INFO  o.e.m.j.i.AbstractJavaProjectConfigurator - Adding resource folder /zuulservice1/src/main/resources
2022-08-26 12:40:58,882 [Worker-10: Importing Maven projects] INFO  o.e.m.j.i.AbstractJavaProjectConfigurator - Adding source folder /zuulservice1/src/test/java
2022-08-26 12:40:58,958 [Worker-10: Importing Maven projects] INFO  o.e.m.c.i.p.ProjectConfigurationManager - Imported and configured 1 project(s) in 1 sec
2022-08-26 12:40:59,733 [Worker-7: Building] INFO  o.e.m.c.i.embedder.EclipseLogger - Using 'UTF-8' encoding to copy filtered resources.
2022-08-26 12:40:59,733 [Worker-7: Building] INFO  o.e.m.c.i.embedder.EclipseLogger - Using 'UTF-8' encoding to copy filtered properties files.
2022-08-26 12:40:59,733 [Worker-7: Building] INFO  o.e.m.c.i.embedder.EclipseLogger - Copying 1 resource
2022-08-26 12:40:59,734 [Worker-7: Building] INFO  o.e.m.c.i.embedder.EclipseLogger - Copying 0 resource
2022-08-26 12:40:59,736 [Worker-7: Building] INFO  o.e.m.c.i.embedder.EclipseLogger - Using 'UTF-8' encoding to copy filtered resources.
2022-08-26 12:40:59,736 [Worker-7: Building] INFO  o.e.m.c.i.embedder.EclipseLogger - Using 'UTF-8' encoding to copy filtered properties files.
2022-08-26 12:40:59,736 [Worker-7: Building] INFO  o.e.m.c.i.embedder.EclipseLogger - skip non existing resourceDirectory /home/dexter/workarea/Microservice-POC/zuulservice1/src/test/resources
2022-08-26 12:43:55,237 [Worker-1: Check for devtools] INFO  o.e.m.c.i.p.WorkspaceClassifierResolverManager - Resolving P/commonservice: com.poc:commonservice:0.0.1-SNAPSHOT with classifier  to /commonservice/target/classes
2022-08-26 12:44:01,257 [Worker-16: Launching authservice - AuthserviceApplication] INFO  o.e.m.c.i.p.WorkspaceClassifierResolverManager - Resolving P/commonservice: com.poc:commonservice:0.0.1-SNAPSHOT with classifier null to /commonservice/target/classes
2022-08-26 12:44:01,322 [Worker-16: Launching authservice - AuthserviceApplication] INFO  o.e.m.c.i.p.WorkspaceClassifierResolverManager - Resolving P/commonservice: com.poc:commonservice:0.0.1-SNAPSHOT with classifier null to /commonservice/target/classes
2022-08-26 12:44:01,438 [Worker-16: Launching authservice - AuthserviceApplication] INFO  o.e.m.c.i.p.WorkspaceClassifierResolverManager - Resolving P/commonservice: com.poc:commonservice:0.0.1-SNAPSHOT with classifier null to /commonservice/target/classes
